<?xml version="1.0" encoding="UTF-8"?>
<testng-results skipped="0" failed="2" ignored="0" total="6" passed="4">
  <reporter-output>
  </reporter-output>
  <suite name="Default suite" duration-ms="39523" started-at="2022-05-23T14:41:45 IST" finished-at="2022-05-23T14:42:24 IST">
    <groups>
    </groups>
    <test name="Default test" duration-ms="39523" started-at="2022-05-23T14:41:45 IST" finished-at="2022-05-23T14:42:24 IST">
      <class name="SimpleCodingDemo">
        <test-method status="PASS" signature="setUp()[pri:0, instance:SimpleCodingDemo@5fd85d]" name="setUp" is-config="true" duration-ms="12870" started-at="2022-05-23T14:41:45 IST" finished-at="2022-05-23T14:41:58 IST">
          <reporter-output>
          </reporter-output>
        </test-method> <!-- setUp -->
        <test-method status="PASS" signature="IMDBTest1()[pri:1, instance:SimpleCodingDemo@5fd85d]" name="IMDBTest1" duration-ms="16876" started-at="2022-05-23T14:41:58 IST" finished-at="2022-05-23T14:42:15 IST">
          <reporter-output>
          </reporter-output>
        </test-method> <!-- IMDBTest1 -->
        <test-method status="PASS" signature="IMDBTest2()[pri:2, instance:SimpleCodingDemo@5fd85d]" name="IMDBTest2" duration-ms="219" started-at="2022-05-23T14:42:15 IST" finished-at="2022-05-23T14:42:15 IST">
          <reporter-output>
          </reporter-output>
        </test-method> <!-- IMDBTest2 -->
        <test-method status="PASS" signature="WikipediaTest1()[pri:3, instance:SimpleCodingDemo@5fd85d]" name="WikipediaTest1" duration-ms="9268" started-at="2022-05-23T14:42:15 IST" finished-at="2022-05-23T14:42:24 IST">
          <reporter-output>
          </reporter-output>
        </test-method> <!-- WikipediaTest1 -->
        <test-method status="PASS" signature="WikipediaTest2()[pri:4, instance:SimpleCodingDemo@5fd85d]" name="WikipediaTest2" duration-ms="134" started-at="2022-05-23T14:42:24 IST" finished-at="2022-05-23T14:42:24 IST">
          <reporter-output>
          </reporter-output>
        </test-method> <!-- WikipediaTest2 -->
        <test-method status="FAIL" signature="CountryValidation()[pri:5, instance:SimpleCodingDemo@5fd85d]" name="CountryValidation" duration-ms="5" started-at="2022-05-23T14:42:24 IST" finished-at="2022-05-23T14:42:24 IST">
          <exception class="junit.framework.AssertionFailedError">
            <message>
              <![CDATA[expected:<[[ChromeDriver: chrome on WINDOWS (b396a0dd36025ac5a882eed9cee31e4d)] -> xpath: //a[text()='India']]]]><![CDATA[> but was:<[[ChromeDriver: chrome on WINDOWS (b396a0dd36025ac5a882eed9cee31e4d)] -> xpath: //td[text()='India']]><![CDATA[]]]]><![CDATA[>]]>
            </message>
            <full-stacktrace>
              <![CDATA[junit.framework.AssertionFailedError: expected:<[[ChromeDriver: chrome on WINDOWS (b396a0dd36025ac5a882eed9cee31e4d)] -> xpath: //a[text()='India']]]]><![CDATA[> but was:<[[ChromeDriver: chrome on WINDOWS (b396a0dd36025ac5a882eed9cee31e4d)] -> xpath: //td[text()='India']]]]><![CDATA[>
at junit.framework.Assert.fail(Assert.java:47)
at junit.framework.Assert.failNotEquals(Assert.java:282)
at junit.framework.Assert.assertEquals(Assert.java:64)
at junit.framework.Assert.assertEquals(Assert.java:71)
at SimpleCodingDemo.CountryValidation(SimpleCodingDemo.java:59)
at sun.reflect.NativeMethodAccessorImpl.invoke0(Native Method)
at sun.reflect.NativeMethodAccessorImpl.invoke(Unknown Source)
at sun.reflect.DelegatingMethodAccessorImpl.invoke(Unknown Source)
at java.lang.reflect.Method.invoke(Unknown Source)
at org.testng.internal.MethodInvocationHelper.invokeMethod(MethodInvocationHelper.java:133)
at org.testng.internal.TestInvoker.invokeMethod(TestInvoker.java:584)
at org.testng.internal.TestInvoker.invokeTestMethod(TestInvoker.java:172)
at org.testng.internal.MethodRunner.runInSequence(MethodRunner.java:46)
at org.testng.internal.TestInvoker$MethodInvocationAgent.invoke(TestInvoker.java:804)
at org.testng.internal.TestInvoker.invokeTestMethods(TestInvoker.java:145)
at org.testng.internal.TestMethodWorker.invokeTestMethods(TestMethodWorker.java:146)
at org.testng.internal.TestMethodWorker.run(TestMethodWorker.java:128)
at java.util.ArrayList.forEach(Unknown Source)
at org.testng.TestRunner.privateRun(TestRunner.java:770)
at org.testng.TestRunner.run(TestRunner.java:591)
at org.testng.SuiteRunner.runTest(SuiteRunner.java:402)
at org.testng.SuiteRunner.runSequentially(SuiteRunner.java:396)
at org.testng.SuiteRunner.privateRun(SuiteRunner.java:355)
at org.testng.SuiteRunner.run(SuiteRunner.java:304)
at org.testng.SuiteRunnerWorker.runSuite(SuiteRunnerWorker.java:53)
at org.testng.SuiteRunnerWorker.run(SuiteRunnerWorker.java:96)
at org.testng.TestNG.runSuitesSequentially(TestNG.java:1180)
at org.testng.TestNG.runSuitesLocally(TestNG.java:1102)
at org.testng.TestNG.runSuites(TestNG.java:1032)
at org.testng.TestNG.run(TestNG.java:1000)
at org.testng.remote.AbstractRemoteTestNG.run(AbstractRemoteTestNG.java:115)
at org.testng.remote.RemoteTestNG.initAndRun(RemoteTestNG.java:251)
at org.testng.remote.RemoteTestNG.main(RemoteTestNG.java:77)
]]>
            </full-stacktrace>
          </exception> <!-- junit.framework.AssertionFailedError -->
          <reporter-output>
          </reporter-output>
        </test-method> <!-- CountryValidation -->
        <test-method status="FAIL" signature="ReleaseValidation()[pri:6, instance:SimpleCodingDemo@5fd85d]" name="ReleaseValidation" duration-ms="3" started-at="2022-05-23T14:42:24 IST" finished-at="2022-05-23T14:42:24 IST">
          <exception class="junit.framework.AssertionFailedError">
            <message>
              <![CDATA[expected:<January 7, 2022 (United States)> but was:<[[ChromeDriver: chrome on WINDOWS (b396a0dd36025ac5a882eed9cee31e4d)] -> xpath: //td[text()='India']]]]><![CDATA[>expected:<January 7, 2022 (United States)> but was:<[[ChromeDriver: chrome on WINDOWS (b396a0dd36025ac5a882eed9cee31e4d)] -> xpath: //td[text()='India']]><![CDATA[]]]]><![CDATA[>]]>
            </message>
            <full-stacktrace>
              <![CDATA[junit.framework.AssertionFailedError: expected:<January 7, 2022 (United States)> but was:<[[ChromeDriver: chrome on WINDOWS (b396a0dd36025ac5a882eed9cee31e4d)] -> xpath: //td[text()='India']]]]><![CDATA[>
at junit.framework.Assert.fail(Assert.java:47)
at junit.framework.Assert.failNotEquals(Assert.java:282)
at junit.framework.Assert.assertEquals(Assert.java:64)
at junit.framework.Assert.assertEquals(Assert.java:71)
at SimpleCodingDemo.ReleaseValidation(SimpleCodingDemo.java:65)
at sun.reflect.NativeMethodAccessorImpl.invoke0(Native Method)
at sun.reflect.NativeMethodAccessorImpl.invoke(Unknown Source)
at sun.reflect.DelegatingMethodAccessorImpl.invoke(Unknown Source)
at java.lang.reflect.Method.invoke(Unknown Source)
at org.testng.internal.MethodInvocationHelper.invokeMethod(MethodInvocationHelper.java:133)
at org.testng.internal.TestInvoker.invokeMethod(TestInvoker.java:584)
at org.testng.internal.TestInvoker.invokeTestMethod(TestInvoker.java:172)
at org.testng.internal.MethodRunner.runInSequence(MethodRunner.java:46)
at org.testng.internal.TestInvoker$MethodInvocationAgent.invoke(TestInvoker.java:804)
at org.testng.internal.TestInvoker.invokeTestMethods(TestInvoker.java:145)
at org.testng.internal.TestMethodWorker.invokeTestMethods(TestMethodWorker.java:146)
at org.testng.internal.TestMethodWorker.run(TestMethodWorker.java:128)
at java.util.ArrayList.forEach(Unknown Source)
at org.testng.TestRunner.privateRun(TestRunner.java:770)
at org.testng.TestRunner.run(TestRunner.java:591)
at org.testng.SuiteRunner.runTest(SuiteRunner.java:402)
at org.testng.SuiteRunner.runSequentially(SuiteRunner.java:396)
at org.testng.SuiteRunner.privateRun(SuiteRunner.java:355)
at org.testng.SuiteRunner.run(SuiteRunner.java:304)
at org.testng.SuiteRunnerWorker.runSuite(SuiteRunnerWorker.java:53)
at org.testng.SuiteRunnerWorker.run(SuiteRunnerWorker.java:96)
at org.testng.TestNG.runSuitesSequentially(TestNG.java:1180)
at org.testng.TestNG.runSuitesLocally(TestNG.java:1102)
at org.testng.TestNG.runSuites(TestNG.java:1032)
at org.testng.TestNG.run(TestNG.java:1000)
at org.testng.remote.AbstractRemoteTestNG.run(AbstractRemoteTestNG.java:115)
at org.testng.remote.RemoteTestNG.initAndRun(RemoteTestNG.java:251)
at org.testng.remote.RemoteTestNG.main(RemoteTestNG.java:77)
]]>
            </full-stacktrace>
          </exception> <!-- junit.framework.AssertionFailedError -->
          <reporter-output>
          </reporter-output>
        </test-method> <!-- ReleaseValidation -->
      </class> <!-- SimpleCodingDemo -->
    </test> <!-- Default test -->
  </suite> <!-- Default suite -->
</testng-results>
